{"/Users/vulebaolong/Dragon/Work/Tech_node/folow_class/node_46/ExpressJS/be-cyber-media/src/common/constant/app.constant.js": {"path":"/Users/vulebaolong/Dragon/Work/Tech_node/folow_class/node_46/ExpressJS/be-cyber-media/src/common/constant/app.constant.js","statementMap":{"0":{"start":{"line":3,"column":28},"end":{"line":3,"column":52}},"1":{"start":{"line":5,"column":35},"end":{"line":5,"column":66}},"2":{"start":{"line":6,"column":36},"end":{"line":6,"column":68}},"3":{"start":{"line":8,"column":36},"end":{"line":8,"column":68}},"4":{"start":{"line":9,"column":37},"end":{"line":9,"column":70}},"5":{"start":{"line":11,"column":27},"end":{"line":11,"column":86}},"6":{"start":{"line":13,"column":0},"end":{"line":19,"column":3}}},"fnMap":{},"branchMap":{},"s":{"0":1,"1":1,"2":1,"3":1,"4":1,"5":1,"6":1},"f":{},"b":{},"_coverageSchema":"1a1c01bbd47fc00a2c39e90264f33305004495a9","hash":"ab303184d3f94336c8e3aea54b40d3be6150f686"}
,"/Users/vulebaolong/Dragon/Work/Tech_node/folow_class/node_46/ExpressJS/be-cyber-media/src/common/helpers/error.helper.js": {"path":"/Users/vulebaolong/Dragon/Work/Tech_node/folow_class/node_46/ExpressJS/be-cyber-media/src/common/helpers/error.helper.js","statementMap":{"0":{"start":{"line":4,"column":27},"end":{"line":19,"column":1}},"1":{"start":{"line":5,"column":3},"end":{"line":5,"column":24}},"2":{"start":{"line":10,"column":3},"end":{"line":12,"column":4}},"3":{"start":{"line":11,"column":6},"end":{"line":11,"column":21}},"4":{"start":{"line":13,"column":3},"end":{"line":15,"column":4}},"5":{"start":{"line":14,"column":6},"end":{"line":14,"column":21}},"6":{"start":{"line":17,"column":19},"end":{"line":17,"column":66}},"7":{"start":{"line":18,"column":3},"end":{"line":18,"column":42}},"8":{"start":{"line":23,"column":6},"end":{"line":23,"column":21}},"9":{"start":{"line":24,"column":6},"end":{"line":24,"column":22}},"10":{"start":{"line":30,"column":6},"end":{"line":30,"column":21}},"11":{"start":{"line":31,"column":6},"end":{"line":31,"column":22}},"12":{"start":{"line":37,"column":6},"end":{"line":37,"column":21}},"13":{"start":{"line":38,"column":6},"end":{"line":38,"column":22}}},"fnMap":{"0":{"name":"(anonymous_0)","decl":{"start":{"line":4,"column":27},"end":{"line":4,"column":28}},"loc":{"start":{"line":4,"column":52},"end":{"line":19,"column":1}},"line":4},"1":{"name":"(anonymous_1)","decl":{"start":{"line":22,"column":3},"end":{"line":22,"column":4}},"loc":{"start":{"line":22,"column":48},"end":{"line":25,"column":4}},"line":22},"2":{"name":"(anonymous_2)","decl":{"start":{"line":29,"column":3},"end":{"line":29,"column":4}},"loc":{"start":{"line":29,"column":47},"end":{"line":32,"column":4}},"line":29},"3":{"name":"(anonymous_3)","decl":{"start":{"line":36,"column":3},"end":{"line":36,"column":4}},"loc":{"start":{"line":36,"column":53},"end":{"line":39,"column":4}},"line":36}},"branchMap":{"0":{"loc":{"start":{"line":10,"column":3},"end":{"line":12,"column":4}},"type":"if","locations":[{"start":{"line":10,"column":3},"end":{"line":12,"column":4}},{"start":{},"end":{}}],"line":10},"1":{"loc":{"start":{"line":13,"column":3},"end":{"line":15,"column":4}},"type":"if","locations":[{"start":{"line":13,"column":3},"end":{"line":15,"column":4}},{"start":{},"end":{}}],"line":13},"2":{"loc":{"start":{"line":22,"column":15},"end":{"line":22,"column":46}},"type":"default-arg","locations":[{"start":{"line":22,"column":25},"end":{"line":22,"column":46}}],"line":22},"3":{"loc":{"start":{"line":29,"column":15},"end":{"line":29,"column":45}},"type":"default-arg","locations":[{"start":{"line":29,"column":25},"end":{"line":29,"column":45}}],"line":29},"4":{"loc":{"start":{"line":36,"column":15},"end":{"line":36,"column":51}},"type":"default-arg","locations":[{"start":{"line":36,"column":25},"end":{"line":36,"column":51}}],"line":36}},"s":{"0":1,"1":0,"2":0,"3":0,"4":0,"5":0,"6":0,"7":0,"8":0,"9":0,"10":0,"11":0,"12":0,"13":0},"f":{"0":0,"1":0,"2":0,"3":0},"b":{"0":[0,0],"1":[0,0],"2":[0],"3":[0],"4":[0]},"_coverageSchema":"1a1c01bbd47fc00a2c39e90264f33305004495a9","hash":"61c03ef0706868633d5d0413eb4f4c49f312e4bc"}
,"/Users/vulebaolong/Dragon/Work/Tech_node/folow_class/node_46/ExpressJS/be-cyber-media/src/common/helpers/reposonse.helper.js": {"path":"/Users/vulebaolong/Dragon/Work/Tech_node/folow_class/node_46/ExpressJS/be-cyber-media/src/common/helpers/reposonse.helper.js","statementMap":{"0":{"start":{"line":1,"column":31},"end":{"line":10,"column":1}},"1":{"start":{"line":2,"column":3},"end":{"line":2,"column":44}},"2":{"start":{"line":2,"column":33},"end":{"line":2,"column":44}},"3":{"start":{"line":3,"column":3},"end":{"line":9,"column":5}},"4":{"start":{"line":12,"column":29},"end":{"line":20,"column":1}},"5":{"start":{"line":13,"column":3},"end":{"line":13,"column":44}},"6":{"start":{"line":13,"column":33},"end":{"line":13,"column":44}},"7":{"start":{"line":14,"column":3},"end":{"line":19,"column":5}}},"fnMap":{"0":{"name":"(anonymous_0)","decl":{"start":{"line":1,"column":31},"end":{"line":1,"column":32}},"loc":{"start":{"line":1,"column":80},"end":{"line":10,"column":1}},"line":1},"1":{"name":"(anonymous_1)","decl":{"start":{"line":12,"column":29},"end":{"line":12,"column":30}},"loc":{"start":{"line":12,"column":94},"end":{"line":20,"column":1}},"line":12}},"branchMap":{"0":{"loc":{"start":{"line":1,"column":32},"end":{"line":1,"column":47}},"type":"default-arg","locations":[{"start":{"line":1,"column":43},"end":{"line":1,"column":47}}],"line":1},"1":{"loc":{"start":{"line":1,"column":49},"end":{"line":1,"column":63}},"type":"default-arg","locations":[{"start":{"line":1,"column":59},"end":{"line":1,"column":63}}],"line":1},"2":{"loc":{"start":{"line":1,"column":65},"end":{"line":1,"column":75}},"type":"default-arg","locations":[{"start":{"line":1,"column":72},"end":{"line":1,"column":75}}],"line":1},"3":{"loc":{"start":{"line":2,"column":3},"end":{"line":2,"column":44}},"type":"if","locations":[{"start":{"line":2,"column":3},"end":{"line":2,"column":44}},{"start":{},"end":{}}],"line":2},"4":{"loc":{"start":{"line":12,"column":30},"end":{"line":12,"column":63}},"type":"default-arg","locations":[{"start":{"line":12,"column":40},"end":{"line":12,"column":63}}],"line":12},"5":{"loc":{"start":{"line":12,"column":65},"end":{"line":12,"column":75}},"type":"default-arg","locations":[{"start":{"line":12,"column":72},"end":{"line":12,"column":75}}],"line":12},"6":{"loc":{"start":{"line":12,"column":77},"end":{"line":12,"column":89}},"type":"default-arg","locations":[{"start":{"line":12,"column":85},"end":{"line":12,"column":89}}],"line":12},"7":{"loc":{"start":{"line":13,"column":3},"end":{"line":13,"column":44}},"type":"if","locations":[{"start":{"line":13,"column":3},"end":{"line":13,"column":44}},{"start":{},"end":{}}],"line":13}},"s":{"0":1,"1":0,"2":0,"3":0,"4":1,"5":0,"6":0,"7":0},"f":{"0":0,"1":0},"b":{"0":[0],"1":[0],"2":[0],"3":[0,0],"4":[0],"5":[0],"6":[0],"7":[0,0]},"_coverageSchema":"1a1c01bbd47fc00a2c39e90264f33305004495a9","hash":"6940cf9945b8c2b4b1c0cb0df08cfe55b2ffec41"}
,"/Users/vulebaolong/Dragon/Work/Tech_node/folow_class/node_46/ExpressJS/be-cyber-media/src/common/nodemailer/send-mail.nodemailer.js": {"path":"/Users/vulebaolong/Dragon/Work/Tech_node/folow_class/node_46/ExpressJS/be-cyber-media/src/common/nodemailer/send-mail.nodemailer.js","statementMap":{"0":{"start":{"line":3,"column":20},"end":{"line":11,"column":2}},"1":{"start":{"line":16,"column":15},"end":{"line":22,"column":4}},"2":{"start":{"line":24,"column":2},"end":{"line":24,"column":50}}},"fnMap":{"0":{"name":"sendMail","decl":{"start":{"line":14,"column":15},"end":{"line":14,"column":23}},"loc":{"start":{"line":14,"column":31},"end":{"line":26,"column":1}},"line":14}},"branchMap":{},"s":{"0":1,"1":1,"2":0},"f":{"0":1},"b":{},"_coverageSchema":"1a1c01bbd47fc00a2c39e90264f33305004495a9","hash":"6984dc8a58cee0bf85a6a2181ab886ba77f9291d"}
,"/Users/vulebaolong/Dragon/Work/Tech_node/folow_class/node_46/ExpressJS/be-cyber-media/src/common/prisma/init.prisma.js": {"path":"/Users/vulebaolong/Dragon/Work/Tech_node/folow_class/node_46/ExpressJS/be-cyber-media/src/common/prisma/init.prisma.js","statementMap":{"0":{"start":{"line":3,"column":15},"end":{"line":3,"column":33}}},"fnMap":{},"branchMap":{},"s":{"0":1},"f":{},"b":{},"_coverageSchema":"1a1c01bbd47fc00a2c39e90264f33305004495a9","hash":"20b4ab3175686ca66182eda635f67089d2419665"}
,"/Users/vulebaolong/Dragon/Work/Tech_node/folow_class/node_46/ExpressJS/be-cyber-media/src/services/auth.service.js": {"path":"/Users/vulebaolong/Dragon/Work/Tech_node/folow_class/node_46/ExpressJS/be-cyber-media/src/services/auth.service.js","statementMap":{"0":{"start":{"line":8,"column":20},"end":{"line":172,"column":1}},"1":{"start":{"line":12,"column":46},"end":{"line":12,"column":54}},"2":{"start":{"line":16,"column":25},"end":{"line":20,"column":8}},"3":{"start":{"line":24,"column":6},"end":{"line":26,"column":7}},"4":{"start":{"line":25,"column":9},"end":{"line":25,"column":83}},"5":{"start":{"line":29,"column":23},"end":{"line":29,"column":53}},"6":{"start":{"line":32,"column":22},"end":{"line":38,"column":8}},"7":{"start":{"line":42,"column":6},"end":{"line":42,"column":31}},"8":{"start":{"line":47,"column":6},"end":{"line":49,"column":9}},"9":{"start":{"line":48,"column":9},"end":{"line":48,"column":45}},"10":{"start":{"line":55,"column":6},"end":{"line":55,"column":21}},"11":{"start":{"line":58,"column":35},"end":{"line":58,"column":43}},"12":{"start":{"line":59,"column":6},"end":{"line":59,"column":40}},"13":{"start":{"line":61,"column":25},"end":{"line":65,"column":8}},"14":{"start":{"line":67,"column":6},"end":{"line":69,"column":7}},"15":{"start":{"line":68,"column":9},"end":{"line":68,"column":83}},"16":{"start":{"line":71,"column":6},"end":{"line":79,"column":7}},"17":{"start":{"line":72,"column":9},"end":{"line":74,"column":10}},"18":{"start":{"line":73,"column":12},"end":{"line":73,"column":99}},"19":{"start":{"line":75,"column":9},"end":{"line":77,"column":10}},"20":{"start":{"line":76,"column":12},"end":{"line":76,"column":97}},"21":{"start":{"line":78,"column":9},"end":{"line":78,"column":93}},"22":{"start":{"line":82,"column":25},"end":{"line":82,"column":76}},"23":{"start":{"line":83,"column":6},"end":{"line":85,"column":7}},"24":{"start":{"line":84,"column":9},"end":{"line":84,"column":67}},"25":{"start":{"line":87,"column":21},"end":{"line":87,"column":65}},"26":{"start":{"line":89,"column":6},"end":{"line":89,"column":20}},"27":{"start":{"line":92,"column":43},"end":{"line":92,"column":51}},"28":{"start":{"line":93,"column":21},"end":{"line":93,"column":37}},"29":{"start":{"line":95,"column":6},"end":{"line":95,"column":47}},"30":{"start":{"line":97,"column":23},"end":{"line":101,"column":8}},"31":{"start":{"line":103,"column":6},"end":{"line":111,"column":7}},"32":{"start":{"line":104,"column":9},"end":{"line":110,"column":12}},"33":{"start":{"line":113,"column":21},"end":{"line":113,"column":65}},"34":{"start":{"line":115,"column":6},"end":{"line":115,"column":20}},"35":{"start":{"line":118,"column":27},"end":{"line":118,"column":67}},"36":{"start":{"line":119,"column":6},"end":{"line":121,"column":7}},"37":{"start":{"line":120,"column":9},"end":{"line":120,"column":91}},"38":{"start":{"line":123,"column":26},"end":{"line":123,"column":55}},"39":{"start":{"line":124,"column":6},"end":{"line":126,"column":7}},"40":{"start":{"line":125,"column":9},"end":{"line":125,"column":91}},"41":{"start":{"line":128,"column":6},"end":{"line":131,"column":9}},"42":{"start":{"line":133,"column":32},"end":{"line":133,"column":78}},"43":{"start":{"line":135,"column":32},"end":{"line":135,"column":104}},"44":{"start":{"line":137,"column":6},"end":{"line":140,"column":9}},"45":{"start":{"line":142,"column":6},"end":{"line":144,"column":7}},"46":{"start":{"line":143,"column":9},"end":{"line":143,"column":70}},"47":{"start":{"line":146,"column":25},"end":{"line":150,"column":8}},"48":{"start":{"line":152,"column":6},"end":{"line":152,"column":80}},"49":{"start":{"line":152,"column":23},"end":{"line":152,"column":80}},"50":{"start":{"line":154,"column":21},"end":{"line":154,"column":65}},"51":{"start":{"line":156,"column":6},"end":{"line":156,"column":20}},"52":{"start":{"line":161,"column":6},"end":{"line":161,"column":81}},"53":{"start":{"line":161,"column":19},"end":{"line":161,"column":81}},"54":{"start":{"line":163,"column":26},"end":{"line":163,"column":112}},"55":{"start":{"line":165,"column":27},"end":{"line":165,"column":115}},"56":{"start":{"line":167,"column":6},"end":{"line":170,"column":8}}},"fnMap":{"0":{"name":"(anonymous_0)","decl":{"start":{"line":10,"column":13},"end":{"line":10,"column":14}},"loc":{"start":{"line":10,"column":28},"end":{"line":56,"column":4}},"line":10},"1":{"name":"(anonymous_1)","decl":{"start":{"line":47,"column":46},"end":{"line":47,"column":47}},"loc":{"start":{"line":47,"column":55},"end":{"line":49,"column":7}},"line":47},"2":{"name":"(anonymous_2)","decl":{"start":{"line":57,"column":10},"end":{"line":57,"column":11}},"loc":{"start":{"line":57,"column":25},"end":{"line":90,"column":4}},"line":57},"3":{"name":"(anonymous_3)","decl":{"start":{"line":91,"column":18},"end":{"line":91,"column":19}},"loc":{"start":{"line":91,"column":33},"end":{"line":116,"column":4}},"line":91},"4":{"name":"(anonymous_4)","decl":{"start":{"line":117,"column":17},"end":{"line":117,"column":18}},"loc":{"start":{"line":117,"column":32},"end":{"line":157,"column":4}},"line":117},"5":{"name":"(anonymous_5)","decl":{"start":{"line":160,"column":17},"end":{"line":160,"column":18}},"loc":{"start":{"line":160,"column":29},"end":{"line":171,"column":4}},"line":160}},"branchMap":{"0":{"loc":{"start":{"line":24,"column":6},"end":{"line":26,"column":7}},"type":"if","locations":[{"start":{"line":24,"column":6},"end":{"line":26,"column":7}},{"start":{},"end":{}}],"line":24},"1":{"loc":{"start":{"line":67,"column":6},"end":{"line":69,"column":7}},"type":"if","locations":[{"start":{"line":67,"column":6},"end":{"line":69,"column":7}},{"start":{},"end":{}}],"line":67},"2":{"loc":{"start":{"line":71,"column":6},"end":{"line":79,"column":7}},"type":"if","locations":[{"start":{"line":71,"column":6},"end":{"line":79,"column":7}},{"start":{},"end":{}}],"line":71},"3":{"loc":{"start":{"line":72,"column":9},"end":{"line":74,"column":10}},"type":"if","locations":[{"start":{"line":72,"column":9},"end":{"line":74,"column":10}},{"start":{},"end":{}}],"line":72},"4":{"loc":{"start":{"line":75,"column":9},"end":{"line":77,"column":10}},"type":"if","locations":[{"start":{"line":75,"column":9},"end":{"line":77,"column":10}},{"start":{},"end":{}}],"line":75},"5":{"loc":{"start":{"line":83,"column":6},"end":{"line":85,"column":7}},"type":"if","locations":[{"start":{"line":83,"column":6},"end":{"line":85,"column":7}},{"start":{},"end":{}}],"line":83},"6":{"loc":{"start":{"line":103,"column":6},"end":{"line":111,"column":7}},"type":"if","locations":[{"start":{"line":103,"column":6},"end":{"line":111,"column":7}},{"start":{},"end":{}}],"line":103},"7":{"loc":{"start":{"line":119,"column":6},"end":{"line":121,"column":7}},"type":"if","locations":[{"start":{"line":119,"column":6},"end":{"line":121,"column":7}},{"start":{},"end":{}}],"line":119},"8":{"loc":{"start":{"line":124,"column":6},"end":{"line":126,"column":7}},"type":"if","locations":[{"start":{"line":124,"column":6},"end":{"line":126,"column":7}},{"start":{},"end":{}}],"line":124},"9":{"loc":{"start":{"line":142,"column":6},"end":{"line":144,"column":7}},"type":"if","locations":[{"start":{"line":142,"column":6},"end":{"line":144,"column":7}},{"start":{},"end":{}}],"line":142},"10":{"loc":{"start":{"line":152,"column":6},"end":{"line":152,"column":80}},"type":"if","locations":[{"start":{"line":152,"column":6},"end":{"line":152,"column":80}},{"start":{},"end":{}}],"line":152},"11":{"loc":{"start":{"line":161,"column":6},"end":{"line":161,"column":81}},"type":"if","locations":[{"start":{"line":161,"column":6},"end":{"line":161,"column":81}},{"start":{},"end":{}}],"line":161}},"s":{"0":1,"1":1,"2":1,"3":1,"4":0,"5":1,"6":1,"7":1,"8":1,"9":0,"10":1,"11":0,"12":0,"13":0,"14":0,"15":0,"16":0,"17":0,"18":0,"19":0,"20":0,"21":0,"22":0,"23":0,"24":0,"25":0,"26":0,"27":0,"28":0,"29":0,"30":0,"31":0,"32":0,"33":0,"34":0,"35":0,"36":0,"37":0,"38":0,"39":0,"40":0,"41":0,"42":0,"43":0,"44":0,"45":0,"46":0,"47":0,"48":0,"49":0,"50":0,"51":0,"52":0,"53":0,"54":0,"55":0,"56":0},"f":{"0":1,"1":0,"2":0,"3":0,"4":0,"5":0},"b":{"0":[0,1],"1":[0,0],"2":[0,0],"3":[0,0],"4":[0,0],"5":[0,0],"6":[0,0],"7":[0,0],"8":[0,0],"9":[0,0],"10":[0,0],"11":[0,0]},"_coverageSchema":"1a1c01bbd47fc00a2c39e90264f33305004495a9","hash":"46e75bedd68b272d6816aff181ea25165786e37f"}
}
