TN:
SF:src/common/constant/app.constant.js
FNF:0
FNH:0
DA:3,1
DA:5,1
DA:6,1
DA:8,1
DA:9,1
DA:11,1
DA:13,1
LF:7
LH:7
BRF:0
BRH:0
end_of_record
TN:
SF:src/common/helpers/error.helper.js
FN:4,(anonymous_0)
FN:22,(anonymous_1)
FN:29,(anonymous_2)
FN:36,(anonymous_3)
FNF:4
FNH:0
FNDA:0,(anonymous_0)
FNDA:0,(anonymous_1)
FNDA:0,(anonymous_2)
FNDA:0,(anonymous_3)
DA:4,1
DA:5,0
DA:10,0
DA:11,0
DA:13,0
DA:14,0
DA:17,0
DA:18,0
DA:23,0
DA:24,0
DA:30,0
DA:31,0
DA:37,0
DA:38,0
LF:14
LH:1
BRDA:10,0,0,0
BRDA:10,0,1,0
BRDA:13,1,0,0
BRDA:13,1,1,0
BRDA:22,2,0,0
BRDA:29,3,0,0
BRDA:36,4,0,0
BRF:7
BRH:0
end_of_record
TN:
SF:src/common/helpers/reposonse.helper.js
FN:1,(anonymous_0)
FN:12,(anonymous_1)
FNF:2
FNH:0
FNDA:0,(anonymous_0)
FNDA:0,(anonymous_1)
DA:1,1
DA:2,0
DA:3,0
DA:12,1
DA:13,0
DA:14,0
LF:6
LH:2
BRDA:1,0,0,0
BRDA:1,1,0,0
BRDA:1,2,0,0
BRDA:2,3,0,0
BRDA:2,3,1,0
BRDA:12,4,0,0
BRDA:12,5,0,0
BRDA:12,6,0,0
BRDA:13,7,0,0
BRDA:13,7,1,0
BRF:10
BRH:0
end_of_record
TN:
SF:src/common/nodemailer/send-mail.nodemailer.js
FN:14,sendMail
FNF:1
FNH:1
FNDA:1,sendMail
DA:3,1
DA:16,1
DA:24,0
LF:3
LH:2
BRF:0
BRH:0
end_of_record
TN:
SF:src/common/prisma/init.prisma.js
FNF:0
FNH:0
DA:3,1
LF:1
LH:1
BRF:0
BRH:0
end_of_record
TN:
SF:src/services/auth.service.js
FN:10,(anonymous_0)
FN:47,(anonymous_1)
FN:57,(anonymous_2)
FN:91,(anonymous_3)
FN:117,(anonymous_4)
FN:160,(anonymous_5)
FNF:6
FNH:1
FNDA:1,(anonymous_0)
FNDA:0,(anonymous_1)
FNDA:0,(anonymous_2)
FNDA:0,(anonymous_3)
FNDA:0,(anonymous_4)
FNDA:0,(anonymous_5)
DA:8,1
DA:12,1
DA:16,1
DA:24,1
DA:25,0
DA:29,1
DA:32,1
DA:42,1
DA:47,1
DA:48,0
DA:55,1
DA:58,0
DA:59,0
DA:61,0
DA:67,0
DA:68,0
DA:71,0
DA:72,0
DA:73,0
DA:75,0
DA:76,0
DA:78,0
DA:82,0
DA:83,0
DA:84,0
DA:87,0
DA:89,0
DA:92,0
DA:93,0
DA:95,0
DA:97,0
DA:103,0
DA:104,0
DA:113,0
DA:115,0
DA:118,0
DA:119,0
DA:120,0
DA:123,0
DA:124,0
DA:125,0
DA:128,0
DA:133,0
DA:135,0
DA:137,0
DA:142,0
DA:143,0
DA:146,0
DA:152,0
DA:154,0
DA:156,0
DA:161,0
DA:163,0
DA:165,0
DA:167,0
LF:55
LH:9
BRDA:24,0,0,0
BRDA:24,0,1,1
BRDA:67,1,0,0
BRDA:67,1,1,0
BRDA:71,2,0,0
BRDA:71,2,1,0
BRDA:72,3,0,0
BRDA:72,3,1,0
BRDA:75,4,0,0
BRDA:75,4,1,0
BRDA:83,5,0,0
BRDA:83,5,1,0
BRDA:103,6,0,0
BRDA:103,6,1,0
BRDA:119,7,0,0
BRDA:119,7,1,0
BRDA:124,8,0,0
BRDA:124,8,1,0
BRDA:142,9,0,0
BRDA:142,9,1,0
BRDA:152,10,0,0
BRDA:152,10,1,0
BRDA:161,11,0,0
BRDA:161,11,1,0
BRF:24
BRH:1
end_of_record
